ERROR - 2022-03-09 09:32:03 --> Error connecting to the database: No se puede establecer una conexión ya que el equipo de destino denegó expresamente dicha conexión.

CRITICAL - 2022-03-09 09:32:03 --> Unable to connect to the database.
Main connection [MySQLi]: No se puede establecer una conexión ya que el equipo de destino denegó expresamente dicha conexión.

#0 D:\DOCUMENTOS\PROYECTOS PERSONALES\VUE\Medicamentos\back\system\Database\BaseConnection.php(577): CodeIgniter\Database\BaseConnection->initialize()
#1 D:\DOCUMENTOS\PROYECTOS PERSONALES\VUE\Medicamentos\back\app\Controllers\Medicine.php(16): CodeIgniter\Database\BaseConnection->query('SELECT * FROM m...')
#2 D:\DOCUMENTOS\PROYECTOS PERSONALES\VUE\Medicamentos\back\system\CodeIgniter.php(832): App\Controllers\Medicine->getMedicine()
#3 D:\DOCUMENTOS\PROYECTOS PERSONALES\VUE\Medicamentos\back\system\CodeIgniter.php(419): CodeIgniter\CodeIgniter->runController(Object(App\Controllers\Medicine))
#4 D:\DOCUMENTOS\PROYECTOS PERSONALES\VUE\Medicamentos\back\system\CodeIgniter.php(326): CodeIgniter\CodeIgniter->handleRequest(NULL, Object(Config\Cache), false)
#5 D:\DOCUMENTOS\PROYECTOS PERSONALES\VUE\Medicamentos\back\public\index.php(37): CodeIgniter\CodeIgniter->run()
#6 D:\DOCUMENTOS\PROYECTOS PERSONALES\VUE\Medicamentos\back\system\Commands\Server\rewrite.php(43): require_once('D:\\DOCUMENTOS\\P...')
#7 {main}
ERROR - 2022-03-09 09:32:07 --> Error connecting to the database: No se puede establecer una conexión ya que el equipo de destino denegó expresamente dicha conexión.

CRITICAL - 2022-03-09 09:32:07 --> Unable to connect to the database.
Main connection [MySQLi]: No se puede establecer una conexión ya que el equipo de destino denegó expresamente dicha conexión.

#0 D:\DOCUMENTOS\PROYECTOS PERSONALES\VUE\Medicamentos\back\system\Database\BaseConnection.php(577): CodeIgniter\Database\BaseConnection->initialize()
#1 D:\DOCUMENTOS\PROYECTOS PERSONALES\VUE\Medicamentos\back\app\Controllers\Medicine.php(16): CodeIgniter\Database\BaseConnection->query('SELECT * FROM m...')
#2 D:\DOCUMENTOS\PROYECTOS PERSONALES\VUE\Medicamentos\back\system\CodeIgniter.php(832): App\Controllers\Medicine->getMedicine()
#3 D:\DOCUMENTOS\PROYECTOS PERSONALES\VUE\Medicamentos\back\system\CodeIgniter.php(419): CodeIgniter\CodeIgniter->runController(Object(App\Controllers\Medicine))
#4 D:\DOCUMENTOS\PROYECTOS PERSONALES\VUE\Medicamentos\back\system\CodeIgniter.php(326): CodeIgniter\CodeIgniter->handleRequest(NULL, Object(Config\Cache), false)
#5 D:\DOCUMENTOS\PROYECTOS PERSONALES\VUE\Medicamentos\back\public\index.php(37): CodeIgniter\CodeIgniter->run()
#6 D:\DOCUMENTOS\PROYECTOS PERSONALES\VUE\Medicamentos\back\system\Commands\Server\rewrite.php(43): require_once('D:\\DOCUMENTOS\\P...')
#7 {main}
ERROR - 2022-03-09 09:32:13 --> Error connecting to the database: No se puede establecer una conexión ya que el equipo de destino denegó expresamente dicha conexión.

CRITICAL - 2022-03-09 09:32:13 --> Unable to connect to the database.
Main connection [MySQLi]: No se puede establecer una conexión ya que el equipo de destino denegó expresamente dicha conexión.

#0 D:\DOCUMENTOS\PROYECTOS PERSONALES\VUE\Medicamentos\back\system\Database\BaseConnection.php(577): CodeIgniter\Database\BaseConnection->initialize()
#1 D:\DOCUMENTOS\PROYECTOS PERSONALES\VUE\Medicamentos\back\app\Controllers\Medicine.php(16): CodeIgniter\Database\BaseConnection->query('SELECT * FROM m...')
#2 D:\DOCUMENTOS\PROYECTOS PERSONALES\VUE\Medicamentos\back\system\CodeIgniter.php(832): App\Controllers\Medicine->getMedicine()
#3 D:\DOCUMENTOS\PROYECTOS PERSONALES\VUE\Medicamentos\back\system\CodeIgniter.php(419): CodeIgniter\CodeIgniter->runController(Object(App\Controllers\Medicine))
#4 D:\DOCUMENTOS\PROYECTOS PERSONALES\VUE\Medicamentos\back\system\CodeIgniter.php(326): CodeIgniter\CodeIgniter->handleRequest(NULL, Object(Config\Cache), false)
#5 D:\DOCUMENTOS\PROYECTOS PERSONALES\VUE\Medicamentos\back\public\index.php(37): CodeIgniter\CodeIgniter->run()
#6 D:\DOCUMENTOS\PROYECTOS PERSONALES\VUE\Medicamentos\back\system\Commands\Server\rewrite.php(43): require_once('D:\\DOCUMENTOS\\P...')
#7 {main}
CRITICAL - 2022-03-09 09:53:56 --> Call to a member function simpleQuery() on null
#0 D:\DOCUMENTOS\PROYECTOS PERSONALES\VUE\Medicamentos\back\system\CodeIgniter.php(832): App\Controllers\Medicine->create('null')
#1 D:\DOCUMENTOS\PROYECTOS PERSONALES\VUE\Medicamentos\back\system\CodeIgniter.php(419): CodeIgniter\CodeIgniter->runController(Object(App\Controllers\Medicine))
#2 D:\DOCUMENTOS\PROYECTOS PERSONALES\VUE\Medicamentos\back\system\CodeIgniter.php(326): CodeIgniter\CodeIgniter->handleRequest(NULL, Object(Config\Cache), false)
#3 D:\DOCUMENTOS\PROYECTOS PERSONALES\VUE\Medicamentos\back\public\index.php(37): CodeIgniter\CodeIgniter->run()
#4 D:\DOCUMENTOS\PROYECTOS PERSONALES\VUE\Medicamentos\back\system\Commands\Server\rewrite.php(43): require_once('D:\\DOCUMENTOS\\P...')
#5 {main}
CRITICAL - 2022-03-09 09:54:42 --> Call to a member function simpleQuery() on null
#0 D:\DOCUMENTOS\PROYECTOS PERSONALES\VUE\Medicamentos\back\system\CodeIgniter.php(832): App\Controllers\Medicine->create('null')
#1 D:\DOCUMENTOS\PROYECTOS PERSONALES\VUE\Medicamentos\back\system\CodeIgniter.php(419): CodeIgniter\CodeIgniter->runController(Object(App\Controllers\Medicine))
#2 D:\DOCUMENTOS\PROYECTOS PERSONALES\VUE\Medicamentos\back\system\CodeIgniter.php(326): CodeIgniter\CodeIgniter->handleRequest(NULL, Object(Config\Cache), false)
#3 D:\DOCUMENTOS\PROYECTOS PERSONALES\VUE\Medicamentos\back\public\index.php(37): CodeIgniter\CodeIgniter->run()
#4 D:\DOCUMENTOS\PROYECTOS PERSONALES\VUE\Medicamentos\back\system\Commands\Server\rewrite.php(43): require_once('D:\\DOCUMENTOS\\P...')
#5 {main}
ERROR - 2022-03-09 09:57:29 --> Unknown column 'PARACETAMOL' in 'field list'
ERROR - 2022-03-09 09:58:56 --> Unknown column 'IBUPROFENO' in 'field list'
ERROR - 2022-03-09 11:54:10 --> Unknown column 'PARACETAMOOOL' in 'field list'
ERROR - 2022-03-09 11:55:07 --> Unknown column 'PARACETAMOL' in 'field list'
ERROR - 2022-03-09 11:55:28 --> Unknown column 'PARACETAMOL' in 'field list'
ERROR - 2022-03-09 11:56:31 --> Unknown column 'PARACETAMOL' in 'field list'
ERROR - 2022-03-09 11:57:04 --> Unknown column 'PARACETAMOL' in 'field list'
ERROR - 2022-03-09 11:57:11 --> Unknown column 'PARACETAMO5' in 'field list'
CRITICAL - 2022-03-09 11:57:50 --> syntax error, unexpected 'result' (T_STRING), expecting ')'
#0 D:\DOCUMENTOS\PROYECTOS PERSONALES\VUE\Medicamentos\back\system\Autoloader\Autoloader.php(241): CodeIgniter\Autoloader\Autoloader->includeFile('D:\\DOCUMENTOS\\P...')
#1 D:\DOCUMENTOS\PROYECTOS PERSONALES\VUE\Medicamentos\back\system\Autoloader\Autoloader.php(219): CodeIgniter\Autoloader\Autoloader->loadInNamespace('App\\Controllers...')
#2 [internal function]: CodeIgniter\Autoloader\Autoloader->loadClass('App\\Controllers...')
#3 [internal function]: spl_autoload_call('App\\Controllers...')
#4 D:\DOCUMENTOS\PROYECTOS PERSONALES\VUE\Medicamentos\back\system\CodeIgniter.php(797): class_exists('\\App\\Controller...', true)
#5 D:\DOCUMENTOS\PROYECTOS PERSONALES\VUE\Medicamentos\back\system\CodeIgniter.php(406): CodeIgniter\CodeIgniter->startController()
#6 D:\DOCUMENTOS\PROYECTOS PERSONALES\VUE\Medicamentos\back\system\CodeIgniter.php(326): CodeIgniter\CodeIgniter->handleRequest(NULL, Object(Config\Cache), false)
#7 D:\DOCUMENTOS\PROYECTOS PERSONALES\VUE\Medicamentos\back\public\index.php(37): CodeIgniter\CodeIgniter->run()
#8 D:\DOCUMENTOS\PROYECTOS PERSONALES\VUE\Medicamentos\back\system\Commands\Server\rewrite.php(43): require_once('D:\\DOCUMENTOS\\P...')
#9 {main}
CRITICAL - 2022-03-09 11:58:07 --> syntax error, unexpected 'result' (T_STRING), expecting ')'
#0 D:\DOCUMENTOS\PROYECTOS PERSONALES\VUE\Medicamentos\back\system\Autoloader\Autoloader.php(241): CodeIgniter\Autoloader\Autoloader->includeFile('D:\\DOCUMENTOS\\P...')
#1 D:\DOCUMENTOS\PROYECTOS PERSONALES\VUE\Medicamentos\back\system\Autoloader\Autoloader.php(219): CodeIgniter\Autoloader\Autoloader->loadInNamespace('App\\Controllers...')
#2 [internal function]: CodeIgniter\Autoloader\Autoloader->loadClass('App\\Controllers...')
#3 [internal function]: spl_autoload_call('App\\Controllers...')
#4 D:\DOCUMENTOS\PROYECTOS PERSONALES\VUE\Medicamentos\back\system\CodeIgniter.php(797): class_exists('\\App\\Controller...', true)
#5 D:\DOCUMENTOS\PROYECTOS PERSONALES\VUE\Medicamentos\back\system\CodeIgniter.php(406): CodeIgniter\CodeIgniter->startController()
#6 D:\DOCUMENTOS\PROYECTOS PERSONALES\VUE\Medicamentos\back\system\CodeIgniter.php(326): CodeIgniter\CodeIgniter->handleRequest(NULL, Object(Config\Cache), false)
#7 D:\DOCUMENTOS\PROYECTOS PERSONALES\VUE\Medicamentos\back\public\index.php(37): CodeIgniter\CodeIgniter->run()
#8 D:\DOCUMENTOS\PROYECTOS PERSONALES\VUE\Medicamentos\back\system\Commands\Server\rewrite.php(43): require_once('D:\\DOCUMENTOS\\P...')
#9 {main}
