CRITICAL - 2022-03-08 17:32:40 --> The framework needs the following extension(s) installed and loaded: intl.
#0 C:\Users\isaac\Downloads\Code\codeigniter4-CodeIgniter4-202f41a\system\CodeIgniter.php(219): CodeIgniter\Exceptions\FrameworkException::forMissingExtension('intl')
#1 C:\Users\isaac\Downloads\Code\codeigniter4-CodeIgniter4-202f41a\system\CodeIgniter.php(177): CodeIgniter\CodeIgniter->resolvePlatformExtensions()
#2 C:\Users\isaac\Downloads\Code\codeigniter4-CodeIgniter4-202f41a\system\bootstrap.php(146): CodeIgniter\CodeIgniter->initialize()
#3 C:\Users\isaac\Downloads\Code\codeigniter4-CodeIgniter4-202f41a\spark(45): require('C:\\Users\\isaac\\...')
#4 {main}
CRITICAL - 2022-03-08 11:09:32 --> Call to undefined method App\Controllers\Medicine::respond()
#0 C:\Users\isaac\Downloads\Code\codeigniter4-CodeIgniter4-202f41a\system\CodeIgniter.php(832): App\Controllers\Medicine->getMedicine()
#1 C:\Users\isaac\Downloads\Code\codeigniter4-CodeIgniter4-202f41a\system\CodeIgniter.php(419): CodeIgniter\CodeIgniter->runController(Object(App\Controllers\Medicine))
#2 C:\Users\isaac\Downloads\Code\codeigniter4-CodeIgniter4-202f41a\system\CodeIgniter.php(326): CodeIgniter\CodeIgniter->handleRequest(NULL, Object(Config\Cache), false)
#3 C:\Users\isaac\Downloads\Code\codeigniter4-CodeIgniter4-202f41a\public\index.php(37): CodeIgniter\CodeIgniter->run()
#4 C:\Users\isaac\Downloads\Code\codeigniter4-CodeIgniter4-202f41a\system\Commands\Server\rewrite.php(43): require_once('C:\\Users\\isaac\\...')
#5 {main}
CRITICAL - 2022-03-08 11:09:48 --> Call to undefined method App\Controllers\Medicine::respond()
#0 C:\Users\isaac\Downloads\Code\codeigniter4-CodeIgniter4-202f41a\system\CodeIgniter.php(832): App\Controllers\Medicine->getMedicine()
#1 C:\Users\isaac\Downloads\Code\codeigniter4-CodeIgniter4-202f41a\system\CodeIgniter.php(419): CodeIgniter\CodeIgniter->runController(Object(App\Controllers\Medicine))
#2 C:\Users\isaac\Downloads\Code\codeigniter4-CodeIgniter4-202f41a\system\CodeIgniter.php(326): CodeIgniter\CodeIgniter->handleRequest(NULL, Object(Config\Cache), false)
#3 C:\Users\isaac\Downloads\Code\codeigniter4-CodeIgniter4-202f41a\public\index.php(37): CodeIgniter\CodeIgniter->run()
#4 C:\Users\isaac\Downloads\Code\codeigniter4-CodeIgniter4-202f41a\system\Commands\Server\rewrite.php(43): require_once('C:\\Users\\isaac\\...')
#5 {main}
CRITICAL - 2022-03-08 11:11:17 --> Call to undefined method App\Controllers\Medicine::respond()
#0 C:\Users\isaac\Downloads\Code\codeigniter4-CodeIgniter4-202f41a\system\CodeIgniter.php(832): App\Controllers\Medicine->getMedicine()
#1 C:\Users\isaac\Downloads\Code\codeigniter4-CodeIgniter4-202f41a\system\CodeIgniter.php(419): CodeIgniter\CodeIgniter->runController(Object(App\Controllers\Medicine))
#2 C:\Users\isaac\Downloads\Code\codeigniter4-CodeIgniter4-202f41a\system\CodeIgniter.php(326): CodeIgniter\CodeIgniter->handleRequest(NULL, Object(Config\Cache), false)
#3 C:\Users\isaac\Downloads\Code\codeigniter4-CodeIgniter4-202f41a\public\index.php(37): CodeIgniter\CodeIgniter->run()
#4 C:\Users\isaac\Downloads\Code\codeigniter4-CodeIgniter4-202f41a\system\Commands\Server\rewrite.php(43): require_once('C:\\Users\\isaac\\...')
#5 {main}
CRITICAL - 2022-03-08 11:12:01 --> Call to undefined method App\Controllers\Medicine::respond()
#0 C:\Users\isaac\Downloads\Code\codeigniter4-CodeIgniter4-202f41a\system\CodeIgniter.php(832): App\Controllers\Medicine->getMedicine()
#1 C:\Users\isaac\Downloads\Code\codeigniter4-CodeIgniter4-202f41a\system\CodeIgniter.php(419): CodeIgniter\CodeIgniter->runController(Object(App\Controllers\Medicine))
#2 C:\Users\isaac\Downloads\Code\codeigniter4-CodeIgniter4-202f41a\system\CodeIgniter.php(326): CodeIgniter\CodeIgniter->handleRequest(NULL, Object(Config\Cache), false)
#3 C:\Users\isaac\Downloads\Code\codeigniter4-CodeIgniter4-202f41a\public\index.php(37): CodeIgniter\CodeIgniter->run()
#4 C:\Users\isaac\Downloads\Code\codeigniter4-CodeIgniter4-202f41a\system\Commands\Server\rewrite.php(43): require_once('C:\\Users\\isaac\\...')
#5 {main}
CRITICAL - 2022-03-08 11:13:22 --> Call to undefined method App\Controllers\Medicine::respond()
#0 C:\Users\isaac\Downloads\Code\codeigniter4-CodeIgniter4-202f41a\system\CodeIgniter.php(832): App\Controllers\Medicine->getMedicine()
#1 C:\Users\isaac\Downloads\Code\codeigniter4-CodeIgniter4-202f41a\system\CodeIgniter.php(419): CodeIgniter\CodeIgniter->runController(Object(App\Controllers\Medicine))
#2 C:\Users\isaac\Downloads\Code\codeigniter4-CodeIgniter4-202f41a\system\CodeIgniter.php(326): CodeIgniter\CodeIgniter->handleRequest(NULL, Object(Config\Cache), false)
#3 C:\Users\isaac\Downloads\Code\codeigniter4-CodeIgniter4-202f41a\public\index.php(37): CodeIgniter\CodeIgniter->run()
#4 C:\Users\isaac\Downloads\Code\codeigniter4-CodeIgniter4-202f41a\system\Commands\Server\rewrite.php(43): require_once('C:\\Users\\isaac\\...')
#5 {main}
CRITICAL - 2022-03-08 11:15:05 --> Call to undefined method App\Controllers\Medicine::respond()
#0 C:\Users\isaac\Downloads\Code\codeigniter4-CodeIgniter4-202f41a\system\CodeIgniter.php(832): App\Controllers\Medicine->getMedicine()
#1 C:\Users\isaac\Downloads\Code\codeigniter4-CodeIgniter4-202f41a\system\CodeIgniter.php(419): CodeIgniter\CodeIgniter->runController(Object(App\Controllers\Medicine))
#2 C:\Users\isaac\Downloads\Code\codeigniter4-CodeIgniter4-202f41a\system\CodeIgniter.php(326): CodeIgniter\CodeIgniter->handleRequest(NULL, Object(Config\Cache), false)
#3 C:\Users\isaac\Downloads\Code\codeigniter4-CodeIgniter4-202f41a\public\index.php(37): CodeIgniter\CodeIgniter->run()
#4 C:\Users\isaac\Downloads\Code\codeigniter4-CodeIgniter4-202f41a\system\Commands\Server\rewrite.php(43): require_once('C:\\Users\\isaac\\...')
#5 {main}
CRITICAL - 2022-03-08 11:18:28 --> Call to a member function query() on null
#0 C:\Users\isaac\Downloads\Code\codeigniter4-CodeIgniter4-202f41a\system\CodeIgniter.php(832): App\Controllers\Medicine->getMedicine()
#1 C:\Users\isaac\Downloads\Code\codeigniter4-CodeIgniter4-202f41a\system\CodeIgniter.php(419): CodeIgniter\CodeIgniter->runController(Object(App\Controllers\Medicine))
#2 C:\Users\isaac\Downloads\Code\codeigniter4-CodeIgniter4-202f41a\system\CodeIgniter.php(326): CodeIgniter\CodeIgniter->handleRequest(NULL, Object(Config\Cache), false)
#3 C:\Users\isaac\Downloads\Code\codeigniter4-CodeIgniter4-202f41a\public\index.php(37): CodeIgniter\CodeIgniter->run()
#4 C:\Users\isaac\Downloads\Code\codeigniter4-CodeIgniter4-202f41a\system\Commands\Server\rewrite.php(43): require_once('C:\\Users\\isaac\\...')
#5 {main}
CRITICAL - 2022-03-08 11:19:08 --> Call to a member function query() on null
#0 C:\Users\isaac\Downloads\Code\codeigniter4-CodeIgniter4-202f41a\system\CodeIgniter.php(832): App\Controllers\Medicine->getMedicine()
#1 C:\Users\isaac\Downloads\Code\codeigniter4-CodeIgniter4-202f41a\system\CodeIgniter.php(419): CodeIgniter\CodeIgniter->runController(Object(App\Controllers\Medicine))
#2 C:\Users\isaac\Downloads\Code\codeigniter4-CodeIgniter4-202f41a\system\CodeIgniter.php(326): CodeIgniter\CodeIgniter->handleRequest(NULL, Object(Config\Cache), false)
#3 C:\Users\isaac\Downloads\Code\codeigniter4-CodeIgniter4-202f41a\public\index.php(37): CodeIgniter\CodeIgniter->run()
#4 C:\Users\isaac\Downloads\Code\codeigniter4-CodeIgniter4-202f41a\system\Commands\Server\rewrite.php(43): require_once('C:\\Users\\isaac\\...')
#5 {main}
CRITICAL - 2022-03-08 11:20:08 --> Call to a member function query() on null
#0 C:\Users\isaac\Downloads\Code\codeigniter4-CodeIgniter4-202f41a\system\CodeIgniter.php(832): App\Controllers\Medicine->getMedicine()
#1 C:\Users\isaac\Downloads\Code\codeigniter4-CodeIgniter4-202f41a\system\CodeIgniter.php(419): CodeIgniter\CodeIgniter->runController(Object(App\Controllers\Medicine))
#2 C:\Users\isaac\Downloads\Code\codeigniter4-CodeIgniter4-202f41a\system\CodeIgniter.php(326): CodeIgniter\CodeIgniter->handleRequest(NULL, Object(Config\Cache), false)
#3 C:\Users\isaac\Downloads\Code\codeigniter4-CodeIgniter4-202f41a\public\index.php(37): CodeIgniter\CodeIgniter->run()
#4 C:\Users\isaac\Downloads\Code\codeigniter4-CodeIgniter4-202f41a\system\Commands\Server\rewrite.php(43): require_once('C:\\Users\\isaac\\...')
#5 {main}
CRITICAL - 2022-03-08 11:21:26 --> Call to a member function query() on null
#0 C:\Users\isaac\Downloads\Code\codeigniter4-CodeIgniter4-202f41a\system\CodeIgniter.php(832): App\Controllers\Medicine->getMedicine()
#1 C:\Users\isaac\Downloads\Code\codeigniter4-CodeIgniter4-202f41a\system\CodeIgniter.php(419): CodeIgniter\CodeIgniter->runController(Object(App\Controllers\Medicine))
#2 C:\Users\isaac\Downloads\Code\codeigniter4-CodeIgniter4-202f41a\system\CodeIgniter.php(326): CodeIgniter\CodeIgniter->handleRequest(NULL, Object(Config\Cache), false)
#3 C:\Users\isaac\Downloads\Code\codeigniter4-CodeIgniter4-202f41a\public\index.php(37): CodeIgniter\CodeIgniter->run()
#4 C:\Users\isaac\Downloads\Code\codeigniter4-CodeIgniter4-202f41a\system\Commands\Server\rewrite.php(43): require_once('C:\\Users\\isaac\\...')
#5 {main}
ERROR - 2022-03-08 11:22:34 --> Error connecting to the database: Access denied for user ''@'localhost' (using password: NO)
CRITICAL - 2022-03-08 11:22:34 --> Unable to connect to the database.
Main connection [MySQLi]: Access denied for user ''@'localhost' (using password: NO)
#0 C:\Users\isaac\Downloads\Code\codeigniter4-CodeIgniter4-202f41a\system\Database\BaseConnection.php(577): CodeIgniter\Database\BaseConnection->initialize()
#1 C:\Users\isaac\Downloads\Code\codeigniter4-CodeIgniter4-202f41a\app\Controllers\Medicine.php(15): CodeIgniter\Database\BaseConnection->query('SELECT * FROM m...')
#2 C:\Users\isaac\Downloads\Code\codeigniter4-CodeIgniter4-202f41a\system\CodeIgniter.php(832): App\Controllers\Medicine->getMedicine()
#3 C:\Users\isaac\Downloads\Code\codeigniter4-CodeIgniter4-202f41a\system\CodeIgniter.php(419): CodeIgniter\CodeIgniter->runController(Object(App\Controllers\Medicine))
#4 C:\Users\isaac\Downloads\Code\codeigniter4-CodeIgniter4-202f41a\system\CodeIgniter.php(326): CodeIgniter\CodeIgniter->handleRequest(NULL, Object(Config\Cache), false)
#5 C:\Users\isaac\Downloads\Code\codeigniter4-CodeIgniter4-202f41a\public\index.php(37): CodeIgniter\CodeIgniter->run()
#6 C:\Users\isaac\Downloads\Code\codeigniter4-CodeIgniter4-202f41a\system\Commands\Server\rewrite.php(43): require_once('C:\\Users\\isaac\\...')
#7 {main}
CRITICAL - 2022-03-08 11:43:17 --> Namespace declaration statement has to be the very first statement or after any declare call in the script
#0 [internal function]: CodeIgniter\Debug\Exceptions->shutdownHandler()
#1 {main}
CRITICAL - 2022-03-08 11:44:31 --> Namespace declaration statement has to be the very first statement or after any declare call in the script
#0 [internal function]: CodeIgniter\Debug\Exceptions->shutdownHandler()
#1 {main}
ERROR - 2022-03-08 15:04:11 --> Error connecting to the database: No se puede establecer una conexión ya que el equipo de destino denegó expresamente dicha conexión.

CRITICAL - 2022-03-08 15:04:11 --> Unable to connect to the database.
Main connection [MySQLi]: No se puede establecer una conexión ya que el equipo de destino denegó expresamente dicha conexión.

#0 D:\DOCUMENTOS\PROYECTOS PERSONALES\VUE\Medicamentos\back\system\Database\BaseConnection.php(577): CodeIgniter\Database\BaseConnection->initialize()
#1 D:\DOCUMENTOS\PROYECTOS PERSONALES\VUE\Medicamentos\back\app\Controllers\Medicine.php(16): CodeIgniter\Database\BaseConnection->query('SELECT * FROM m...')
#2 D:\DOCUMENTOS\PROYECTOS PERSONALES\VUE\Medicamentos\back\system\CodeIgniter.php(832): App\Controllers\Medicine->getMedicine()
#3 D:\DOCUMENTOS\PROYECTOS PERSONALES\VUE\Medicamentos\back\system\CodeIgniter.php(419): CodeIgniter\CodeIgniter->runController(Object(App\Controllers\Medicine))
#4 D:\DOCUMENTOS\PROYECTOS PERSONALES\VUE\Medicamentos\back\system\CodeIgniter.php(326): CodeIgniter\CodeIgniter->handleRequest(NULL, Object(Config\Cache), false)
#5 D:\DOCUMENTOS\PROYECTOS PERSONALES\VUE\Medicamentos\back\public\index.php(37): CodeIgniter\CodeIgniter->run()
#6 D:\DOCUMENTOS\PROYECTOS PERSONALES\VUE\Medicamentos\back\system\Commands\Server\rewrite.php(43): require_once('D:\\DOCUMENTOS\\P...')
#7 {main}
ERROR - 2022-03-08 15:04:19 --> Error connecting to the database: No se puede establecer una conexión ya que el equipo de destino denegó expresamente dicha conexión.

CRITICAL - 2022-03-08 15:04:19 --> Unable to connect to the database.
Main connection [MySQLi]: No se puede establecer una conexión ya que el equipo de destino denegó expresamente dicha conexión.

#0 D:\DOCUMENTOS\PROYECTOS PERSONALES\VUE\Medicamentos\back\system\Database\BaseConnection.php(577): CodeIgniter\Database\BaseConnection->initialize()
#1 D:\DOCUMENTOS\PROYECTOS PERSONALES\VUE\Medicamentos\back\app\Controllers\Medicine.php(16): CodeIgniter\Database\BaseConnection->query('SELECT * FROM m...')
#2 D:\DOCUMENTOS\PROYECTOS PERSONALES\VUE\Medicamentos\back\system\CodeIgniter.php(832): App\Controllers\Medicine->getMedicine()
#3 D:\DOCUMENTOS\PROYECTOS PERSONALES\VUE\Medicamentos\back\system\CodeIgniter.php(419): CodeIgniter\CodeIgniter->runController(Object(App\Controllers\Medicine))
#4 D:\DOCUMENTOS\PROYECTOS PERSONALES\VUE\Medicamentos\back\system\CodeIgniter.php(326): CodeIgniter\CodeIgniter->handleRequest(NULL, Object(Config\Cache), false)
#5 D:\DOCUMENTOS\PROYECTOS PERSONALES\VUE\Medicamentos\back\public\index.php(37): CodeIgniter\CodeIgniter->run()
#6 D:\DOCUMENTOS\PROYECTOS PERSONALES\VUE\Medicamentos\back\system\Commands\Server\rewrite.php(43): require_once('D:\\DOCUMENTOS\\P...')
#7 {main}
ERROR - 2022-03-08 15:04:23 --> Error connecting to the database: No se puede establecer una conexión ya que el equipo de destino denegó expresamente dicha conexión.

CRITICAL - 2022-03-08 15:04:23 --> Unable to connect to the database.
Main connection [MySQLi]: No se puede establecer una conexión ya que el equipo de destino denegó expresamente dicha conexión.

#0 D:\DOCUMENTOS\PROYECTOS PERSONALES\VUE\Medicamentos\back\system\Database\BaseConnection.php(577): CodeIgniter\Database\BaseConnection->initialize()
#1 D:\DOCUMENTOS\PROYECTOS PERSONALES\VUE\Medicamentos\back\app\Controllers\Medicine.php(16): CodeIgniter\Database\BaseConnection->query('SELECT * FROM m...')
#2 D:\DOCUMENTOS\PROYECTOS PERSONALES\VUE\Medicamentos\back\system\CodeIgniter.php(832): App\Controllers\Medicine->getMedicine()
#3 D:\DOCUMENTOS\PROYECTOS PERSONALES\VUE\Medicamentos\back\system\CodeIgniter.php(419): CodeIgniter\CodeIgniter->runController(Object(App\Controllers\Medicine))
#4 D:\DOCUMENTOS\PROYECTOS PERSONALES\VUE\Medicamentos\back\system\CodeIgniter.php(326): CodeIgniter\CodeIgniter->handleRequest(NULL, Object(Config\Cache), false)
#5 D:\DOCUMENTOS\PROYECTOS PERSONALES\VUE\Medicamentos\back\public\index.php(37): CodeIgniter\CodeIgniter->run()
#6 D:\DOCUMENTOS\PROYECTOS PERSONALES\VUE\Medicamentos\back\system\Commands\Server\rewrite.php(43): require_once('D:\\DOCUMENTOS\\P...')
#7 {main}
